<?xml version="1.0" encoding="UTF-8"?>
<!-- Generated by org.testng.reporters.JUnitXMLReporter -->
<testsuite hostname="WIN-4T7UHI9AMLK" ignored="0" name="Dependency Test" tests="4" failures="1" timestamp="2020-06-14T11:21:46 EEST" time="0.016" errors="0">
  <testcase name="doUserReg" time="0.0" classname="testcases.TestCase3">
    <failure type="java.lang.AssertionError" message="User is not registered successfully">
      <![CDATA[java.lang.AssertionError: User is not registered successfully
at testcases.TestCase3.doUserReg(TestCase3.java:16)
at java.util.ArrayList.forEach(ArrayList.java:1257)
... Removed 27 stack frames]]>
    </failure>
  </testcase> <!-- doUserReg -->
  <testcase name="doLogin" time="0.0" classname="testcases.TestCase3">
    <skipped/>
  </testcase> <!-- doLogin -->
  <testcase name="thirdTest" time="0.0" classname="testcases.TestCase3"/>
  <testcase name="fourthTest" time="0.0" classname="testcases.TestCase3"/>
</testsuite> <!-- Dependency Test -->
