<?xml version="1.0" encoding="UTF-8"?>
<!-- Generated by org.testng.reporters.JUnitXMLReporter -->
<testsuite hostname="WIN-4T7UHI9AMLK" ignored="0" name="Failure Test" tests="1" failures="1" timestamp="2020-06-14T11:21:46 EEST" time="0.0" errors="0">
  <testcase name="doLogin" time="0.0" classname="testcases.TestFailure">
    <failure type="java.lang.AssertionError" message="Failing the login test">
      <![CDATA[java.lang.AssertionError: Failing the login test
at testcases.TestFailure.doLogin(TestFailure.java:12)
at java.util.ArrayList.forEach(ArrayList.java:1257)
... Removed 27 stack frames]]>
    </failure>
  </testcase> <!-- doLogin -->
</testsuite> <!-- Failure Test -->
